<?xml version="1.0" encoding="utf-8"?><testsuites name="pytest tests"><testsuite name="pytest" errors="0" failures="0" skipped="0" tests="12" time="7.918" timestamp="2026-04-13T05:30:49.898769+00:00" hostname="agent-env-c6dcab03-6557-4851-96e5-ab72539ecdb8"><testcase classname="backend.tests.test_notifications_roomview.TestNotificationAPIs" name="test_get_notifications" time="0.548" /><testcase classname="backend.tests.test_notifications_roomview.TestNotificationAPIs" name="test_get_unread_count" time="0.518" /><testcase classname="backend.tests.test_notifications_roomview.TestNotificationAPIs" name="test_mark_notifications_read" time="0.572" /><testcase classname="backend.tests.test_notifications_roomview.TestNotificationAPIs" name="test_get_notification_preferences" time="0.436" /><testcase classname="backend.tests.test_notifications_roomview.TestNotificationAPIs" name="test_update_notification_preferences" time="0.747" /><testcase classname="backend.tests.test_notifications_roomview.TestNotificationAPIs" name="test_login_creates_alerta_conexion" time="0.770" /><testcase classname="backend.tests.test_notifications_roomview.TestRoomViewAPIs" name="test_get_room_details" time="0.535" /><testcase classname="backend.tests.test_notifications_roomview.TestRoomViewAPIs" name="test_join_and_leave_seat" time="0.999" /><testcase classname="backend.tests.test_notifications_roomview.TestRoomViewAPIs" name="test_room_chat" time="0.529" /><testcase classname="backend.tests.test_notifications_roomview.TestRoomViewAPIs" name="test_welcome_creates_invitacion_notification" time="0.995" /><testcase classname="backend.tests.test_notifications_roomview.TestNotificationCategories" name="test_notification_filtering_by_preferences" time="0.628" /><testcase classname="backend.tests.test_notifications_roomview.TestNotificationCategories" name="test_invitacion_always_included" time="0.429" /></testsuite></testsuites>