<?xml version="1.0" encoding="utf-8"?><testsuites name="pytest tests"><testsuite name="pytest" errors="0" failures="0" skipped="0" tests="13" time="3.794" timestamp="2026-04-13T07:07:42.963588+00:00" hostname="agent-env-c6dcab03-6557-4851-96e5-ab72539ecdb8"><testcase classname="tests.test_gifts_bot.TestGiftsAPI" name="test_get_all_gifts" time="0.204" /><testcase classname="tests.test_gifts_bot.TestGiftsAPI" name="test_gift_prices" time="0.108" /><testcase classname="tests.test_gifts_bot.TestGiftsAPI" name="test_send_gift_invalid_gift_type" time="0.107" /><testcase classname="tests.test_gifts_bot.TestGiftsAPI" name="test_send_gift_invalid_sender" time="0.118" /><testcase classname="tests.test_gifts_bot.TestGiftsAPI" name="test_send_gift_invalid_receiver" time="0.111" /><testcase classname="tests.test_gifts_bot.TestBotAPI" name="test_bot_command_success" time="1.199" /><testcase classname="tests.test_gifts_bot.TestBotAPI" name="test_bot_command_non_dueno" time="0.113" /><testcase classname="tests.test_gifts_bot.TestBotAPI" name="test_bot_history_success" time="0.106" /><testcase classname="tests.test_gifts_bot.TestBotAPI" name="test_bot_history_non_dueno" time="0.103" /><testcase classname="tests.test_gifts_bot.TestUserRoleCheck" name="test_melvin_is_dueno" time="0.362" /><testcase classname="tests.test_gifts_bot.TestUserRoleCheck" name="test_regular_user_not_dueno" time="0.334" /><testcase classname="tests.test_gifts_bot.TestGiftSendFlow" name="test_send_rosa_gift" time="0.335" /><testcase classname="tests.test_gifts_bot.TestRoomGiftIntegration" name="test_gift_appears_in_room_chat" time="0.514" /></testsuite></testsuites>