<?xml version="1.0" encoding="utf-8"?><testsuites name="pytest tests"><testsuite name="pytest" errors="0" failures="0" skipped="0" tests="22" time="6.626" timestamp="2026-04-13T06:52:10.471663+00:00" hostname="agent-env-c6dcab03-6557-4851-96e5-ab72539ecdb8"><testcase classname="backend.tests.test_new_features.TestMyRoom" name="test_my_room_returns_existing_room" time="0.121" /><testcase classname="backend.tests.test_new_features.TestMyRoom" name="test_my_room_creates_new_for_new_user" time="0.442" /><testcase classname="backend.tests.test_new_features.TestMyRoom" name="test_my_room_invalid_user" time="0.101" /><testcase classname="backend.tests.test_new_features.TestChatPhoto" name="test_chat_photo_upload" time="0.206" /><testcase classname="backend.tests.test_new_features.TestChatPhoto" name="test_chat_photo_invalid_room" time="0.108" /><testcase classname="backend.tests.test_new_features.TestChatPhoto" name="test_chat_photo_invalid_user" time="0.231" /><testcase classname="backend.tests.test_new_features.TestGifPermissions" name="test_can_use_gif_dueno" time="0.103" /><testcase classname="backend.tests.test_new_features.TestGifPermissions" name="test_can_use_gif_invalid_user" time="0.109" /><testcase classname="backend.tests.test_new_features.TestGifPermissions" name="test_grant_gif_permission" time="0.645" /><testcase classname="backend.tests.test_new_features.TestGifPermissions" name="test_revoke_gif_permission" time="0.841" /><testcase classname="backend.tests.test_new_features.TestGifPermissions" name="test_grant_gif_non_dueno_fails" time="0.434" /><testcase classname="backend.tests.test_new_features.TestAvatarGifRestriction" name="test_avatar_gif_allowed_for_dueno" time="0.101" /><testcase classname="backend.tests.test_new_features.TestAvatarGifRestriction" name="test_avatar_gif_rejected_for_regular_user" time="0.434" /><testcase classname="backend.tests.test_new_features.TestAvatarGifRestriction" name="test_avatar_png_allowed_for_regular_user" time="0.422" /><testcase classname="backend.tests.test_new_features.TestBotIA" name="test_bot_command" time="0.979" /><testcase classname="backend.tests.test_new_features.TestBotIA" name="test_bot_history" time="0.118" /><testcase classname="backend.tests.test_new_features.TestControlPanel" name="test_admin_users_access" time="0.104" /><testcase classname="backend.tests.test_new_features.TestControlPanel" name="test_rooms_list" time="0.098" /><testcase classname="backend.tests.test_new_features.TestControlPanel" name="test_clanes_list" time="0.099" /><testcase classname="backend.tests.test_new_features.TestRoomFeatures" name="test_room_has_9_seats" time="0.201" /><testcase classname="backend.tests.test_new_features.TestRoomFeatures" name="test_room_chat" time="0.315" /><testcase classname="backend.tests.test_new_features.TestLogin" name="test_login_melvin" time="0.336" /></testsuite></testsuites>