<?xml version="1.0" encoding="utf-8"?><testsuites name="pytest tests"><testsuite name="pytest" errors="0" failures="0" skipped="0" tests="42" time="13.253" timestamp="2026-04-13T06:07:06.056262+00:00" hostname="agent-env-c6dcab03-6557-4851-96e5-ab72539ecdb8"><testcase classname="tests.test_clanes_parejas_rooms.TestHealthAndLogin" name="test_api_health" time="0.170" /><testcase classname="tests.test_clanes_parejas_rooms.TestHealthAndLogin" name="test_login_melvin" time="0.335" /><testcase classname="tests.test_clanes_parejas_rooms.TestClanesAPI" name="test_get_clanes_list" time="0.113" /><testcase classname="tests.test_clanes_parejas_rooms.TestClanesAPI" name="test_los_reyes_clan_exists" time="0.101" /><testcase classname="tests.test_clanes_parejas_rooms.TestClanesAPI" name="test_create_clan" time="0.492" /><testcase classname="tests.test_clanes_parejas_rooms.TestClanesAPI" name="test_clan_join_endpoint_exists" time="0.202" /><testcase classname="tests.test_clanes_parejas_rooms.TestClanesAPI" name="test_clan_leave_endpoint_exists" time="0.207" /><testcase classname="tests.test_clanes_parejas_rooms.TestParejasAPI" name="test_get_parejas_list" time="0.115" /><testcase classname="tests.test_clanes_parejas_rooms.TestParejasAPI" name="test_melvin_pareja_exists" time="0.102" /><testcase classname="tests.test_clanes_parejas_rooms.TestParejasAPI" name="test_create_pareja_endpoint" time="0.109" /><testcase classname="tests.test_clanes_parejas_rooms.TestParejasAPI" name="test_pareja_level_up_endpoint" time="0.244" /><testcase classname="tests.test_clanes_parejas_rooms.TestRoomsAPI" name="test_get_rooms_list" time="0.101" /><testcase classname="tests.test_clanes_parejas_rooms.TestRoomsAPI" name="test_get_room_by_id" time="0.220" /><testcase classname="tests.test_clanes_parejas_rooms.TestRoomsAPI" name="test_room_join_endpoint" time="0.530" /><testcase classname="tests.test_clanes_parejas_rooms.TestRoomsAPI" name="test_room_leave_endpoint" time="0.537" /><testcase classname="tests.test_clanes_parejas_rooms.TestRoomsAPI" name="test_room_chat_endpoints" time="0.209" /><testcase classname="tests.test_clanes_parejas_rooms.TestRankingsAPI" name="test_coins_ranking" time="0.105" /><testcase classname="tests.test_clanes_parejas_rooms.TestRankingsAPI" name="test_level_ranking" time="0.100" /><testcase classname="tests.test_clanes_parejas_rooms.TestUserAPI" name="test_get_user_by_id" time="0.440" /><testcase classname="tests.test_flash_fame_avatar.TestFlashFame" name="test_flash_fame_all_returns_data" time="0.110" /><testcase classname="tests.test_flash_fame_avatar.TestFlashFame" name="test_flash_fame_individual_is_top_user" time="0.101" /><testcase classname="tests.test_flash_fame_avatar.TestFlashFame" name="test_flash_fame_clan_semanal" time="0.104" /><testcase classname="tests.test_flash_fame_avatar.TestFlashFame" name="test_flash_fame_clan_mensual" time="0.110" /><testcase classname="tests.test_flash_fame_avatar.TestFlashFame" name="test_flash_fame_pareja" time="0.104" /><testcase classname="tests.test_flash_fame_avatar.TestAvatarUpload" name="test_avatar_upload_requires_user" time="0.103" /><testcase classname="tests.test_flash_fame_avatar.TestAvatarUpload" name="test_avatar_upload_rejects_non_image" time="0.125" /><testcase classname="tests.test_flash_fame_avatar.TestAvatarUpload" name="test_avatar_upload_success" time="0.114" /><testcase classname="tests.test_flash_fame_avatar.TestAvatarUpload" name="test_avatar_persists_after_upload" time="0.111" /><testcase classname="tests.test_flash_fame_avatar.TestUserRankings" name="test_rankings_include_user_details" time="0.104" /><testcase classname="tests.test_flash_fame_avatar.TestRoomCreation" name="test_create_room_success" time="0.206" /><testcase classname="tests.test_notifications_roomview.TestNotificationAPIs" name="test_get_notifications" time="0.435" /><testcase classname="tests.test_notifications_roomview.TestNotificationAPIs" name="test_get_unread_count" time="0.424" /><testcase classname="tests.test_notifications_roomview.TestNotificationAPIs" name="test_mark_notifications_read" time="0.541" /><testcase classname="tests.test_notifications_roomview.TestNotificationAPIs" name="test_get_notification_preferences" time="0.443" /><testcase classname="tests.test_notifications_roomview.TestNotificationAPIs" name="test_update_notification_preferences" time="0.731" /><testcase classname="tests.test_notifications_roomview.TestNotificationAPIs" name="test_login_creates_alerta_conexion" time="0.753" /><testcase classname="tests.test_notifications_roomview.TestRoomViewAPIs" name="test_get_room_details" time="0.532" /><testcase classname="tests.test_notifications_roomview.TestRoomViewAPIs" name="test_join_and_leave_seat" time="0.991" /><testcase classname="tests.test_notifications_roomview.TestRoomViewAPIs" name="test_room_chat" time="0.535" /><testcase classname="tests.test_notifications_roomview.TestRoomViewAPIs" name="test_welcome_creates_invitacion_notification" time="0.959" /><testcase classname="tests.test_notifications_roomview.TestNotificationCategories" name="test_notification_filtering_by_preferences" time="0.647" /><testcase classname="tests.test_notifications_roomview.TestNotificationCategories" name="test_invitacion_always_included" time="0.435" /></testsuite></testsuites>